<?xml version="1.0" encoding="UTF-8"?>
<!-- Generated by org.testng.reporters.JUnitXMLReporter -->
<testsuite ignored="0" hostname="Ranjan61s-MacBook-Pro.local" failures="2" tests="3" name="Test" time="22.853" errors="0" timestamp="30 Jun 2019 15:40:29 GMT">
  <testcase classname="Acadmey.SearchProduct" name="searchproduct" time="15.05"/>
  <testcase classname="Acadmey.SearchProduct" name="addproducttocart" time="7.431">
    <failure type="org.openqa.selenium.WebDriverException" message="
Build info: version: &amp;apos;3.11.0&amp;apos;, revision: &amp;apos;e59cfb3&amp;apos;, time: &amp;apos;2018-03-11T20:26:55.152Z&amp;apos;
System info: host: &amp;apos;Ranjan61s-MacBook-Pro.local&amp;apos;, ip: &amp;apos;fe80:0:0:0:14ca:d56d:d6e3:9cb6%en0&amp;apos;, os.name: &amp;apos;Mac OS X&amp;apos;, os.arch: &amp;apos;x86_64&amp;apos;, os.version: &amp;apos;10.14&amp;apos;, java.version: &amp;apos;12.0.1&amp;apos;
Driver info: org.openqa.selenium.safari.SafariDriver
Capabilities {acceptInsecureCerts: false, browserName: Safari, browserVersion: 12.0, javascriptEnabled: true, platform: MAC, platformName: MAC, setWindowRect: true}
Session ID: ECE0EBEF-00D8-4503-9F21-74E0E51BBB31">
      <![CDATA[org.openqa.selenium.WebDriverException: 
Build info: version: '3.11.0', revision: 'e59cfb3', time: '2018-03-11T20:26:55.152Z'
System info: host: 'Ranjan61s-MacBook-Pro.local', ip: 'fe80:0:0:0:14ca:d56d:d6e3:9cb6%en0', os.name: 'Mac OS X', os.arch: 'x86_64', os.version: '10.14', java.version: '12.0.1'
Driver info: org.openqa.selenium.safari.SafariDriver
Capabilities {acceptInsecureCerts: false, browserName: Safari, browserVersion: 12.0, javascriptEnabled: true, platform: MAC, platformName: MAC, setWindowRect: true}
Session ID: ECE0EBEF-00D8-4503-9F21-74E0E51BBB31
at org.openqa.selenium.remote.http.W3CHttpResponseCodec.createException(W3CHttpResponseCodec.java:187)
at org.openqa.selenium.remote.http.W3CHttpResponseCodec.decode(W3CHttpResponseCodec.java:122)
at org.openqa.selenium.remote.http.W3CHttpResponseCodec.decode(W3CHttpResponseCodec.java:49)
at org.openqa.selenium.remote.HttpCommandExecutor.execute(HttpCommandExecutor.java:158)
at org.openqa.selenium.remote.service.DriverCommandExecutor.execute(DriverCommandExecutor.java:83)
at org.openqa.selenium.remote.RemoteWebDriver.execute(RemoteWebDriver.java:545)
at org.openqa.selenium.remote.RemoteWebElement.execute(RemoteWebElement.java:279)
at org.openqa.selenium.remote.RemoteWebElement.click(RemoteWebElement.java:83)
at org.openqa.selenium.support.pagefactory.internal.LocatingElementHandler.invoke(LocatingElementHandler.java:51)
at com.sun.proxy.$Proxy10.click(Unknown Source)
at Acadmey.SearchProduct.addproducttocart(SearchProduct.java:57)
... Removed 34 stack frames]]>
    </failure>
  </testcase> <!-- addproducttocart -->
  <testcase classname="Acadmey.SearchProduct" name="placeorder" time="0.015">
    <failure type="org.openqa.selenium.WebDriverException" message="
Build info: version: &amp;apos;3.11.0&amp;apos;, revision: &amp;apos;e59cfb3&amp;apos;, time: &amp;apos;2018-03-11T20:26:55.152Z&amp;apos;
System info: host: &amp;apos;Ranjan61s-MacBook-Pro.local&amp;apos;, ip: &amp;apos;fe80:0:0:0:14ca:d56d:d6e3:9cb6%en0&amp;apos;, os.name: &amp;apos;Mac OS X&amp;apos;, os.arch: &amp;apos;x86_64&amp;apos;, os.version: &amp;apos;10.14&amp;apos;, java.version: &amp;apos;12.0.1&amp;apos;
Driver info: org.openqa.selenium.safari.SafariDriver
Capabilities {acceptInsecureCerts: false, browserName: Safari, browserVersion: 12.0, javascriptEnabled: true, platform: MAC, platformName: MAC, setWindowRect: true}
Session ID: ECE0EBEF-00D8-4503-9F21-74E0E51BBB31">
      <![CDATA[org.openqa.selenium.WebDriverException: 
Build info: version: '3.11.0', revision: 'e59cfb3', time: '2018-03-11T20:26:55.152Z'
System info: host: 'Ranjan61s-MacBook-Pro.local', ip: 'fe80:0:0:0:14ca:d56d:d6e3:9cb6%en0', os.name: 'Mac OS X', os.arch: 'x86_64', os.version: '10.14', java.version: '12.0.1'
Driver info: org.openqa.selenium.safari.SafariDriver
Capabilities {acceptInsecureCerts: false, browserName: Safari, browserVersion: 12.0, javascriptEnabled: true, platform: MAC, platformName: MAC, setWindowRect: true}
Session ID: ECE0EBEF-00D8-4503-9F21-74E0E51BBB31
at org.openqa.selenium.remote.http.W3CHttpResponseCodec.createException(W3CHttpResponseCodec.java:187)
at org.openqa.selenium.remote.http.W3CHttpResponseCodec.decode(W3CHttpResponseCodec.java:122)
at org.openqa.selenium.remote.http.W3CHttpResponseCodec.decode(W3CHttpResponseCodec.java:49)
at org.openqa.selenium.remote.HttpCommandExecutor.execute(HttpCommandExecutor.java:158)
at org.openqa.selenium.remote.service.DriverCommandExecutor.execute(DriverCommandExecutor.java:83)
at org.openqa.selenium.remote.RemoteWebDriver.execute(RemoteWebDriver.java:545)
at org.openqa.selenium.remote.RemoteWebElement.execute(RemoteWebElement.java:279)
at org.openqa.selenium.remote.RemoteWebElement.click(RemoteWebElement.java:83)
at org.openqa.selenium.support.pagefactory.internal.LocatingElementHandler.invoke(LocatingElementHandler.java:51)
at com.sun.proxy.$Proxy10.click(Unknown Source)
at Acadmey.SearchProduct.placeorder(SearchProduct.java:64)
... Removed 34 stack frames]]>
    </failure>
  </testcase> <!-- placeorder -->
</testsuite> <!-- Test -->
