<?xml version="1.0" encoding="UTF-8"?>
<!-- Generated by org.testng.reporters.JUnitXMLReporter -->
<testsuite ignored="0" hostname="Ranjan61s-MacBook-Pro.local" failures="1" tests="1" name="Test" time="25.706" errors="0" timestamp="06 Jun 2019 14:00:01 GMT">
  <testcase classname="Acadmey.validatetittle" name="validateobjecttittle" time="1.024">
    <failure type="java.lang.AssertionError" message="expected:&amp;lt;Rediffmail&amp;gt; but was:&amp;lt;Rediffmail123&amp;gt;">
      <![CDATA[java.lang.AssertionError: expected:<Rediffmail> but was:<Rediffmail123>
at Acadmey.validatetittle.validateobjecttittle(validatetittle.java:33)
... Removed 27 stack frames]]>
    </failure>
  </testcase> <!-- validateobjecttittle -->
</testsuite> <!-- Test -->
