<?xml version="1.0" encoding="UTF-8"?>
<!-- Generated by org.testng.reporters.JUnitXMLReporter -->
<testsuite hostname="Ranjan61s-MacBook-Pro.local" ignored="0" name="Test" tests="1" failures="1" timestamp="06 Jun 2019 14:12:20 GMT" time="8.828" errors="0">
  <testcase name="validateobjecttittle" time="1.026" classname="Acadmey.validatetittle">
    <failure type="java.lang.AssertionError" message="expected:&amp;lt;Rediffmail&amp;gt; but was:&amp;lt;Rediffmail123&amp;gt;">
      <![CDATA[java.lang.AssertionError: expected:<Rediffmail> but was:<Rediffmail123>
at Acadmey.validatetittle.validateobjecttittle(validatetittle.java:33)
... Removed 31 stack frames]]>
    </failure>
  </testcase> <!-- validateobjecttittle -->
</testsuite> <!-- Test -->
