<?xml version="1.0" encoding="UTF-8"?>
<testng-results skipped="0" failed="1" ignored="0" total="4" passed="3">
  <reporter-output>
  </reporter-output>
  <suite name="Suite" duration-ms="31543" started-at="2019-06-06T14:12:06Z" finished-at="2019-06-06T14:12:38Z">
    <groups>
    </groups>
    <test name="Test" duration-ms="8828" started-at="2019-06-06T14:12:06Z" finished-at="2019-06-06T14:12:15Z">
      <class name="Acadmey.validatetittle">
        <test-method status="PASS" signature="initializedBrowser()[pri:0, instance:Acadmey.validatetittle@67b6d4ae]" name="initializedBrowser" is-config="true" duration-ms="7153" started-at="2019-06-06T14:12:06Z" finished-at="2019-06-06T14:12:14Z">
          <reporter-output>
          </reporter-output>
        </test-method> <!-- initializedBrowser -->
        <test-method status="FAIL" signature="validateobjecttittle()[pri:0, instance:Acadmey.validatetittle@67b6d4ae]" name="validateobjecttittle" duration-ms="1026" started-at="2019-06-06T14:12:14Z" finished-at="2019-06-06T14:12:15Z">
          <exception class="java.lang.AssertionError">
            <message>
              <![CDATA[expected:<Rediffmail> but was:<Rediffmail123>]]>
            </message>
            <full-stacktrace>
              <![CDATA[java.lang.AssertionError: expected:<Rediffmail> but was:<Rediffmail123>
at org.testng.AssertJUnit.assertEquals(AssertJUnit.java:101)
at org.testng.AssertJUnit.assertEquals(AssertJUnit.java:108)
at Acadmey.validatetittle.validateobjecttittle(validatetittle.java:33)
at sun.reflect.NativeMethodAccessorImpl.invoke0(Native Method)
at sun.reflect.NativeMethodAccessorImpl.invoke(NativeMethodAccessorImpl.java:62)
at sun.reflect.DelegatingMethodAccessorImpl.invoke(DelegatingMethodAccessorImpl.java:43)
at java.lang.reflect.Method.invoke(Method.java:498)
at org.testng.internal.MethodInvocationHelper.invokeMethod(MethodInvocationHelper.java:124)
at org.testng.internal.Invoker.invokeMethod(Invoker.java:583)
at org.testng.internal.Invoker.invokeTestMethod(Invoker.java:719)
at org.testng.internal.Invoker.invokeTestMethods(Invoker.java:989)
at org.testng.internal.TestMethodWorker.invokeTestMethods(TestMethodWorker.java:125)
at org.testng.internal.TestMethodWorker.run(TestMethodWorker.java:109)
at org.testng.TestRunner.privateRun(TestRunner.java:648)
at org.testng.TestRunner.run(TestRunner.java:505)
at org.testng.SuiteRunner.runTest(SuiteRunner.java:455)
at org.testng.SuiteRunner.runSequentially(SuiteRunner.java:450)
at org.testng.SuiteRunner.privateRun(SuiteRunner.java:415)
at org.testng.SuiteRunner.run(SuiteRunner.java:364)
at org.testng.SuiteRunnerWorker.runSuite(SuiteRunnerWorker.java:52)
at org.testng.SuiteRunnerWorker.run(SuiteRunnerWorker.java:84)
at org.testng.TestNG.runSuitesSequentially(TestNG.java:1208)
at org.testng.TestNG.runSuitesLocally(TestNG.java:1137)
at org.testng.TestNG.runSuites(TestNG.java:1049)
at org.testng.TestNG.run(TestNG.java:1017)
at org.apache.maven.surefire.testng.TestNGExecutor.run(TestNGExecutor.java:283)
at org.apache.maven.surefire.testng.TestNGXmlTestSuite.execute(TestNGXmlTestSuite.java:75)
at org.apache.maven.surefire.testng.TestNGProvider.invoke(TestNGProvider.java:120)
at org.apache.maven.surefire.booter.ForkedBooter.invokeProviderInSameClassLoader(ForkedBooter.java:384)
at org.apache.maven.surefire.booter.ForkedBooter.runSuitesInProcess(ForkedBooter.java:345)
at org.apache.maven.surefire.booter.ForkedBooter.execute(ForkedBooter.java:126)
at org.apache.maven.surefire.booter.ForkedBooter.main(ForkedBooter.java:418)
]]>
            </full-stacktrace>
          </exception> <!-- java.lang.AssertionError -->
          <reporter-output>
          </reporter-output>
        </test-method> <!-- validateobjecttittle -->
        <test-method status="PASS" signature="trundown()[pri:0, instance:Acadmey.validatetittle@67b6d4ae]" name="trundown" is-config="true" duration-ms="82" started-at="2019-06-06T14:12:15Z" finished-at="2019-06-06T14:12:15Z">
          <reporter-output>
          </reporter-output>
        </test-method> <!-- trundown -->
      </class> <!-- Acadmey.validatetittle -->
    </test> <!-- Test -->
    <test name="Home" duration-ms="17696" started-at="2019-06-06T14:12:20Z" finished-at="2019-06-06T14:12:38Z">
      <class name="Acadmey.validatebuttons">
        <test-method status="PASS" signature="BussinesEmail()[pri:0, instance:Acadmey.validatebuttons@4590c9c3]" name="BussinesEmail" duration-ms="6292" started-at="2019-06-06T14:12:20Z" finished-at="2019-06-06T14:12:27Z">
          <reporter-output>
          </reporter-output>
        </test-method> <!-- BussinesEmail -->
      </class> <!-- Acadmey.validatebuttons -->
      <class name="Acadmey.Rediff">
        <test-method status="PASS" signature="redifflog(java.lang.String, java.lang.String, java.lang.String)[pri:0, instance:Acadmey.Rediff@32e6e9c3]" name="redifflog" duration-ms="4482" started-at="2019-06-06T14:12:27Z" data-provider="getdata" finished-at="2019-06-06T14:12:31Z">
          <params>
            <param index="0">
              <value>
                <![CDATA[Jolly]]>
              </value>
            </param>
            <param index="1">
              <value>
                <![CDATA[text]]>
              </value>
            </param>
            <param index="2">
              <value>
                <![CDATA[Test data 1 run]]>
              </value>
            </param>
          </params>
          <reporter-output>
          </reporter-output>
        </test-method> <!-- redifflog -->
        <test-method status="PASS" signature="redifflog(java.lang.String, java.lang.String, java.lang.String)[pri:0, instance:Acadmey.Rediff@32e6e9c3]" name="redifflog" duration-ms="6917" started-at="2019-06-06T14:12:31Z" data-provider="getdata" finished-at="2019-06-06T14:12:38Z">
          <params>
            <param index="0">
              <value>
                <![CDATA[Nishant]]>
              </value>
            </param>
            <param index="1">
              <value>
                <![CDATA[text]]>
              </value>
            </param>
            <param index="2">
              <value>
                <![CDATA[Test data 2 run]]>
              </value>
            </param>
          </params>
          <reporter-output>
          </reporter-output>
        </test-method> <!-- redifflog -->
      </class> <!-- Acadmey.Rediff -->
    </test> <!-- Home -->
  </suite> <!-- Suite -->
</testng-results>
